[0.412s] DEBUG:colcon:Command line arguments: ['/usr/bin/colcon', 'build', '--packages-select', 'slam_toolbox']
[0.413s] DEBUG:colcon:Parsed command line arguments: Namespace(log_base=None, log_level=None, verb_name='build', build_base='build', install_base='install', merge_install=False, symlink_install=False, test_result_base=None, continue_on_error=False, executor='parallel', parallel_workers=8, event_handlers=None, ignore_user_meta=False, metas=['./colcon.meta'], base_paths=['.'], packages_ignore=None, packages_ignore_regex=None, paths=None, packages_up_to=None, packages_up_to_regex=None, packages_above=None, packages_above_and_dependencies=None, packages_above_depth=None, packages_select_by_dep=None, packages_skip_by_dep=None, packages_skip_up_to=None, packages_select_build_failed=False, packages_skip_build_finished=False, packages_select_test_failures=False, packages_skip_test_passed=False, packages_select=['slam_toolbox'], packages_skip=None, packages_select_regex=None, packages_skip_regex=None, packages_start=None, packages_end=None, allow_overriding=[], cmake_args=None, cmake_target=None, cmake_target_skip_unavailable=False, cmake_clean_cache=False, cmake_clean_first=False, cmake_force_configure=False, ament_cmake_args=None, catkin_cmake_args=None, catkin_skip_building_tests=False, mixin_files=None, mixin=None, verb_parser=<colcon_mixin.mixin.mixin_argument.MixinArgumentDecorator object at 0x7a645a85dbd0>, verb_extension=<colcon_core.verb.build.BuildVerb object at 0x7a645a9db520>, main=<bound method BuildVerb.main of <colcon_core.verb.build.BuildVerb object at 0x7a645a9db520>>, mixin_verb=('build',))
[0.973s] Level 1:colcon.colcon_core.package_discovery:discover_packages(colcon_meta) check parameters
[0.973s] Level 1:colcon.colcon_core.package_discovery:discover_packages(recursive) check parameters
[0.974s] Level 1:colcon.colcon_core.package_discovery:discover_packages(ignore) check parameters
[0.974s] Level 1:colcon.colcon_core.package_discovery:discover_packages(path) check parameters
[0.974s] Level 1:colcon.colcon_core.package_discovery:discover_packages(colcon_meta) discover
[0.974s] Level 1:colcon.colcon_core.package_discovery:discover_packages(recursive) discover
[0.974s] INFO:colcon.colcon_core.package_discovery:Crawling recursively for packages in '/home/ozanpali/ros2_ws/src/robot_urdf/urdf'
[0.974s] Level 1:colcon.colcon_core.package_identification:_identify(.) by extensions ['ignore', 'ignore_ament_install']
[0.975s] Level 1:colcon.colcon_core.package_identification:_identify(.) by extension 'ignore'
[0.975s] Level 1:colcon.colcon_core.package_identification:_identify(.) by extension 'ignore_ament_install'
[0.975s] Level 1:colcon.colcon_core.package_identification:_identify(.) by extensions ['colcon_pkg']
[0.975s] Level 1:colcon.colcon_core.package_identification:_identify(.) by extension 'colcon_pkg'
[0.975s] Level 1:colcon.colcon_core.package_identification:_identify(.) by extensions ['colcon_meta']
[0.975s] Level 1:colcon.colcon_core.package_identification:_identify(.) by extension 'colcon_meta'
[0.975s] Level 1:colcon.colcon_core.package_identification:_identify(.) by extensions ['ros']
[0.975s] Level 1:colcon.colcon_core.package_identification:_identify(.) by extension 'ros'
[1.000s] Level 1:colcon.colcon_core.package_identification:_identify(.) by extensions ['cmake', 'python']
[1.000s] Level 1:colcon.colcon_core.package_identification:_identify(.) by extension 'cmake'
[1.000s] Level 1:colcon.colcon_core.package_identification:_identify(.) by extension 'python'
[1.000s] Level 1:colcon.colcon_core.package_identification:_identify(.) by extensions ['python_setup_py']
[1.001s] Level 1:colcon.colcon_core.package_identification:_identify(.) by extension 'python_setup_py'
[1.001s] Level 1:colcon.colcon_core.package_identification:_identify(build) by extensions ['ignore', 'ignore_ament_install']
[1.001s] Level 1:colcon.colcon_core.package_identification:_identify(build) by extension 'ignore'
[1.001s] Level 1:colcon.colcon_core.package_identification:_identify(build) ignored
[1.001s] Level 1:colcon.colcon_core.package_identification:_identify(install) by extensions ['ignore', 'ignore_ament_install']
[1.001s] Level 1:colcon.colcon_core.package_identification:_identify(install) by extension 'ignore'
[1.002s] Level 1:colcon.colcon_core.package_identification:_identify(install) ignored
[1.002s] Level 1:colcon.colcon_core.package_identification:_identify(log) by extensions ['ignore', 'ignore_ament_install']
[1.002s] Level 1:colcon.colcon_core.package_identification:_identify(log) by extension 'ignore'
[1.002s] Level 1:colcon.colcon_core.package_identification:_identify(log) ignored
[1.002s] Level 1:colcon.colcon_core.package_discovery:discover_packages(recursive) using defaults
[1.002s] Level 1:colcon.colcon_core.package_discovery:discover_packages(ignore) discover
[1.002s] Level 1:colcon.colcon_core.package_discovery:discover_packages(ignore) using defaults
[1.002s] Level 1:colcon.colcon_core.package_discovery:discover_packages(path) discover
[1.002s] Level 1:colcon.colcon_core.package_discovery:discover_packages(path) using defaults
[1.003s] WARNING:colcon.colcon_core.package_selection:ignoring unknown package 'slam_toolbox' in --packages-select
[1.074s] Level 1:colcon.colcon_core.package_discovery:discover_packages(prefix_path) check parameters
[1.074s] Level 1:colcon.colcon_core.package_discovery:discover_packages(prefix_path) discover
[1.078s] WARNING:colcon.colcon_ros.prefix_path.ament:The path '/home/ozanpali/ros2_ws/install/nav2_system_tests' in the environment variable AMENT_PREFIX_PATH doesn't exist
[1.078s] WARNING:colcon.colcon_ros.prefix_path.ament:The path '/home/ozanpali/ros2_ws/install/nav2_bringup' in the environment variable AMENT_PREFIX_PATH doesn't exist
[1.079s] WARNING:colcon.colcon_ros.prefix_path.ament:The path '/home/ozanpali/ros2_ws/install/ros2_aruco_interfaces' in the environment variable AMENT_PREFIX_PATH doesn't exist
[1.079s] WARNING:colcon.colcon_ros.prefix_path.ament:The path '/home/ozanpali/ros2_ws/install/ros2_aruco' in the environment variable AMENT_PREFIX_PATH doesn't exist
[1.079s] WARNING:colcon.colcon_ros.prefix_path.ament:The path '/home/ozanpali/ros2_ws/install/plansys2_tools' in the environment variable AMENT_PREFIX_PATH doesn't exist
[1.080s] WARNING:colcon.colcon_ros.prefix_path.ament:The path '/home/ozanpali/ros2_ws/install/plansys2_tests' in the environment variable AMENT_PREFIX_PATH doesn't exist
[1.080s] WARNING:colcon.colcon_ros.prefix_path.ament:The path '/home/ozanpali/ros2_ws/install/plansys2_simple_example' in the environment variable AMENT_PREFIX_PATH doesn't exist
[1.080s] WARNING:colcon.colcon_ros.prefix_path.ament:The path '/home/ozanpali/ros2_ws/install/plansys2_patrol_navigation_example' in the environment variable AMENT_PREFIX_PATH doesn't exist
[1.080s] WARNING:colcon.colcon_ros.prefix_path.ament:The path '/home/ozanpali/ros2_ws/install/plansys2_multidomain_example' in the environment variable AMENT_PREFIX_PATH doesn't exist
[1.080s] WARNING:colcon.colcon_ros.prefix_path.ament:The path '/home/ozanpali/ros2_ws/install/plansys2_cascade_example' in the environment variable AMENT_PREFIX_PATH doesn't exist
[1.081s] WARNING:colcon.colcon_ros.prefix_path.ament:The path '/home/ozanpali/ros2_ws/install/plansys2_bt_example' in the environment variable AMENT_PREFIX_PATH doesn't exist
[1.081s] WARNING:colcon.colcon_ros.prefix_path.ament:The path '/home/ozanpali/ros2_ws/install/plansys2_terminal' in the environment variable AMENT_PREFIX_PATH doesn't exist
[1.081s] WARNING:colcon.colcon_ros.prefix_path.ament:The path '/home/ozanpali/ros2_ws/install/plansys2_bt_actions' in the environment variable AMENT_PREFIX_PATH doesn't exist
[1.081s] WARNING:colcon.colcon_ros.prefix_path.ament:The path '/home/ozanpali/ros2_ws/install/plansys2_bringup' in the environment variable AMENT_PREFIX_PATH doesn't exist
[1.081s] WARNING:colcon.colcon_ros.prefix_path.ament:The path '/home/ozanpali/ros2_ws/install/plansys2_executor' in the environment variable AMENT_PREFIX_PATH doesn't exist
[1.081s] WARNING:colcon.colcon_ros.prefix_path.ament:The path '/home/ozanpali/ros2_ws/install/plansys2_planner' in the environment variable AMENT_PREFIX_PATH doesn't exist
[1.081s] WARNING:colcon.colcon_ros.prefix_path.ament:The path '/home/ozanpali/ros2_ws/install/plansys2_problem_expert' in the environment variable AMENT_PREFIX_PATH doesn't exist
[1.082s] WARNING:colcon.colcon_ros.prefix_path.ament:The path '/home/ozanpali/ros2_ws/install/plansys2_domain_expert' in the environment variable AMENT_PREFIX_PATH doesn't exist
[1.082s] WARNING:colcon.colcon_ros.prefix_path.ament:The path '/home/ozanpali/ros2_ws/install/plansys2_popf_plan_solver' in the environment variable AMENT_PREFIX_PATH doesn't exist
[1.082s] WARNING:colcon.colcon_ros.prefix_path.ament:The path '/home/ozanpali/ros2_ws/install/plansys2_core' in the environment variable AMENT_PREFIX_PATH doesn't exist
[1.082s] WARNING:colcon.colcon_ros.prefix_path.ament:The path '/home/ozanpali/ros2_ws/install/plansys2_pddl_parser' in the environment variable AMENT_PREFIX_PATH doesn't exist
[1.082s] WARNING:colcon.colcon_ros.prefix_path.ament:The path '/home/ozanpali/ros2_ws/install/plansys2_msgs' in the environment variable AMENT_PREFIX_PATH doesn't exist
[1.082s] WARNING:colcon.colcon_ros.prefix_path.ament:The path '/home/ozanpali/ros2_ws/install/plansys2_lifecycle_manager' in the environment variable AMENT_PREFIX_PATH doesn't exist
[1.082s] WARNING:colcon.colcon_ros.prefix_path.ament:The path '/home/ozanpali/ros2_ws/install/navigation2' in the environment variable AMENT_PREFIX_PATH doesn't exist
[1.082s] WARNING:colcon.colcon_ros.prefix_path.ament:The path '/home/ozanpali/ros2_ws/install/nav2_smoother' in the environment variable AMENT_PREFIX_PATH doesn't exist
[1.083s] WARNING:colcon.colcon_ros.prefix_path.ament:The path '/home/ozanpali/ros2_ws/install/nav2_graceful_controller' in the environment variable AMENT_PREFIX_PATH doesn't exist
[1.083s] WARNING:colcon.colcon_ros.prefix_path.ament:The path '/home/ozanpali/ros2_ws/install/nav2_dwb_controller' in the environment variable AMENT_PREFIX_PATH doesn't exist
[1.083s] WARNING:colcon.colcon_ros.prefix_path.ament:The path '/home/ozanpali/ros2_ws/install/nav2_controller' in the environment variable AMENT_PREFIX_PATH doesn't exist
[1.083s] WARNING:colcon.colcon_ros.prefix_path.ament:The path '/home/ozanpali/ros2_ws/install/dwb_plugins' in the environment variable AMENT_PREFIX_PATH doesn't exist
[1.083s] WARNING:colcon.colcon_ros.prefix_path.ament:The path '/home/ozanpali/ros2_ws/install/dwb_critics' in the environment variable AMENT_PREFIX_PATH doesn't exist
[1.083s] WARNING:colcon.colcon_ros.prefix_path.ament:The path '/home/ozanpali/ros2_ws/install/dwb_core' in the environment variable AMENT_PREFIX_PATH doesn't exist
[1.083s] WARNING:colcon.colcon_ros.prefix_path.ament:The path '/home/ozanpali/ros2_ws/install/nav_2d_utils' in the environment variable AMENT_PREFIX_PATH doesn't exist
[1.084s] WARNING:colcon.colcon_ros.prefix_path.ament:The path '/home/ozanpali/ros2_ws/install/dwb_msgs' in the environment variable AMENT_PREFIX_PATH doesn't exist
[1.084s] WARNING:colcon.colcon_ros.prefix_path.ament:The path '/home/ozanpali/ros2_ws/install/nav_2d_msgs' in the environment variable AMENT_PREFIX_PATH doesn't exist
[1.084s] WARNING:colcon.colcon_ros.prefix_path.ament:The path '/home/ozanpali/ros2_ws/install/nav2_waypoint_follower' in the environment variable AMENT_PREFIX_PATH doesn't exist
[1.084s] WARNING:colcon.colcon_ros.prefix_path.ament:The path '/home/ozanpali/ros2_ws/install/nav2_theta_star_planner' in the environment variable AMENT_PREFIX_PATH doesn't exist
[1.084s] WARNING:colcon.colcon_ros.prefix_path.ament:The path '/home/ozanpali/ros2_ws/install/nav2_smac_planner' in the environment variable AMENT_PREFIX_PATH doesn't exist
[1.084s] WARNING:colcon.colcon_ros.prefix_path.ament:The path '/home/ozanpali/ros2_ws/install/nav2_rotation_shim_controller' in the environment variable AMENT_PREFIX_PATH doesn't exist
[1.084s] WARNING:colcon.colcon_ros.prefix_path.ament:The path '/home/ozanpali/ros2_ws/install/nav2_regulated_pure_pursuit_controller' in the environment variable AMENT_PREFIX_PATH doesn't exist
[1.085s] WARNING:colcon.colcon_ros.prefix_path.ament:The path '/home/ozanpali/ros2_ws/install/nav2_planner' in the environment variable AMENT_PREFIX_PATH doesn't exist
[1.085s] WARNING:colcon.colcon_ros.prefix_path.ament:The path '/home/ozanpali/ros2_ws/install/nav2_navfn_planner' in the environment variable AMENT_PREFIX_PATH doesn't exist
[1.085s] WARNING:colcon.colcon_ros.prefix_path.ament:The path '/home/ozanpali/ros2_ws/install/nav2_mppi_controller' in the environment variable AMENT_PREFIX_PATH doesn't exist
[1.085s] WARNING:colcon.colcon_ros.prefix_path.ament:The path '/home/ozanpali/ros2_ws/install/nav2_constrained_smoother' in the environment variable AMENT_PREFIX_PATH doesn't exist
[1.085s] WARNING:colcon.colcon_ros.prefix_path.ament:The path '/home/ozanpali/ros2_ws/install/nav2_bt_navigator' in the environment variable AMENT_PREFIX_PATH doesn't exist
[1.085s] WARNING:colcon.colcon_ros.prefix_path.ament:The path '/home/ozanpali/ros2_ws/install/nav2_behaviors' in the environment variable AMENT_PREFIX_PATH doesn't exist
[1.085s] WARNING:colcon.colcon_ros.prefix_path.ament:The path '/home/ozanpali/ros2_ws/install/nav2_core' in the environment variable AMENT_PREFIX_PATH doesn't exist
[1.086s] WARNING:colcon.colcon_ros.prefix_path.ament:The path '/home/ozanpali/ros2_ws/install/nav2_collision_monitor' in the environment variable AMENT_PREFIX_PATH doesn't exist
[1.086s] WARNING:colcon.colcon_ros.prefix_path.ament:The path '/home/ozanpali/ros2_ws/install/costmap_queue' in the environment variable AMENT_PREFIX_PATH doesn't exist
[1.086s] WARNING:colcon.colcon_ros.prefix_path.ament:The path '/home/ozanpali/ros2_ws/install/nav2_costmap_2d' in the environment variable AMENT_PREFIX_PATH doesn't exist
[1.086s] WARNING:colcon.colcon_ros.prefix_path.ament:The path '/home/ozanpali/ros2_ws/install/nav2_voxel_grid' in the environment variable AMENT_PREFIX_PATH doesn't exist
[1.086s] WARNING:colcon.colcon_ros.prefix_path.ament:The path '/home/ozanpali/ros2_ws/install/nav2_velocity_smoother' in the environment variable AMENT_PREFIX_PATH doesn't exist
[1.086s] WARNING:colcon.colcon_ros.prefix_path.ament:The path '/home/ozanpali/ros2_ws/install/nav2_rviz_plugins' in the environment variable AMENT_PREFIX_PATH doesn't exist
[1.086s] WARNING:colcon.colcon_ros.prefix_path.ament:The path '/home/ozanpali/ros2_ws/install/nav2_map_server' in the environment variable AMENT_PREFIX_PATH doesn't exist
[1.086s] WARNING:colcon.colcon_ros.prefix_path.ament:The path '/home/ozanpali/ros2_ws/install/nav2_lifecycle_manager' in the environment variable AMENT_PREFIX_PATH doesn't exist
[1.087s] WARNING:colcon.colcon_ros.prefix_path.ament:The path '/home/ozanpali/ros2_ws/install/nav2_behavior_tree' in the environment variable AMENT_PREFIX_PATH doesn't exist
[1.087s] WARNING:colcon.colcon_ros.prefix_path.ament:The path '/home/ozanpali/ros2_ws/install/nav2_amcl' in the environment variable AMENT_PREFIX_PATH doesn't exist
[1.087s] WARNING:colcon.colcon_ros.prefix_path.ament:The path '/home/ozanpali/ros2_ws/install/nav2_util' in the environment variable AMENT_PREFIX_PATH doesn't exist
[1.087s] WARNING:colcon.colcon_ros.prefix_path.ament:The path '/home/ozanpali/ros2_ws/install/nav2_simple_commander' in the environment variable AMENT_PREFIX_PATH doesn't exist
[1.087s] WARNING:colcon.colcon_ros.prefix_path.ament:The path '/home/ozanpali/ros2_ws/install/nav2_msgs' in the environment variable AMENT_PREFIX_PATH doesn't exist
[1.087s] WARNING:colcon.colcon_ros.prefix_path.ament:The path '/home/ozanpali/ros2_ws/install/nav2_common' in the environment variable AMENT_PREFIX_PATH doesn't exist
[1.087s] WARNING:colcon.colcon_ros.prefix_path.ament:The path '/home/ozanpali/ros2_ws/install/my_opencv_demo' in the environment variable AMENT_PREFIX_PATH doesn't exist
[1.087s] WARNING:colcon.colcon_ros.prefix_path.ament:The path '/home/ozanpali/ros2_ws/install/map_msgs' in the environment variable AMENT_PREFIX_PATH doesn't exist
[1.088s] WARNING:colcon.colcon_ros.prefix_path.ament:The path '/home/ozanpali/ros2_ws/install/exphw2' in the environment variable AMENT_PREFIX_PATH doesn't exist
[1.088s] WARNING:colcon.colcon_ros.prefix_path.catkin:The path '/home/ozanpali/ros2_ws/install/nav2_system_tests' in the environment variable CMAKE_PREFIX_PATH doesn't exist
[1.088s] WARNING:colcon.colcon_ros.prefix_path.catkin:The path '/home/ozanpali/ros2_ws/install/nav2_bringup' in the environment variable CMAKE_PREFIX_PATH doesn't exist
[1.088s] WARNING:colcon.colcon_ros.prefix_path.catkin:The path '/home/ozanpali/ros2_ws/install/ros2_aruco_interfaces' in the environment variable CMAKE_PREFIX_PATH doesn't exist
[1.088s] WARNING:colcon.colcon_ros.prefix_path.catkin:The path '/home/ozanpali/ros2_ws/install/plansys2_tools' in the environment variable CMAKE_PREFIX_PATH doesn't exist
[1.089s] WARNING:colcon.colcon_ros.prefix_path.catkin:The path '/home/ozanpali/ros2_ws/install/plansys2_tests' in the environment variable CMAKE_PREFIX_PATH doesn't exist
[1.089s] WARNING:colcon.colcon_ros.prefix_path.catkin:The path '/home/ozanpali/ros2_ws/install/plansys2_simple_example' in the environment variable CMAKE_PREFIX_PATH doesn't exist
[1.089s] WARNING:colcon.colcon_ros.prefix_path.catkin:The path '/home/ozanpali/ros2_ws/install/plansys2_patrol_navigation_example' in the environment variable CMAKE_PREFIX_PATH doesn't exist
[1.089s] WARNING:colcon.colcon_ros.prefix_path.catkin:The path '/home/ozanpali/ros2_ws/install/plansys2_multidomain_example' in the environment variable CMAKE_PREFIX_PATH doesn't exist
[1.089s] WARNING:colcon.colcon_ros.prefix_path.catkin:The path '/home/ozanpali/ros2_ws/install/plansys2_cascade_example' in the environment variable CMAKE_PREFIX_PATH doesn't exist
[1.089s] WARNING:colcon.colcon_ros.prefix_path.catkin:The path '/home/ozanpali/ros2_ws/install/plansys2_bt_example' in the environment variable CMAKE_PREFIX_PATH doesn't exist
[1.090s] WARNING:colcon.colcon_ros.prefix_path.catkin:The path '/home/ozanpali/ros2_ws/install/plansys2_terminal' in the environment variable CMAKE_PREFIX_PATH doesn't exist
[1.090s] WARNING:colcon.colcon_ros.prefix_path.catkin:The path '/home/ozanpali/ros2_ws/install/plansys2_bt_actions' in the environment variable CMAKE_PREFIX_PATH doesn't exist
[1.090s] WARNING:colcon.colcon_ros.prefix_path.catkin:The path '/home/ozanpali/ros2_ws/install/plansys2_bringup' in the environment variable CMAKE_PREFIX_PATH doesn't exist
[1.090s] WARNING:colcon.colcon_ros.prefix_path.catkin:The path '/home/ozanpali/ros2_ws/install/plansys2_executor' in the environment variable CMAKE_PREFIX_PATH doesn't exist
[1.090s] WARNING:colcon.colcon_ros.prefix_path.catkin:The path '/home/ozanpali/ros2_ws/install/plansys2_planner' in the environment variable CMAKE_PREFIX_PATH doesn't exist
[1.090s] WARNING:colcon.colcon_ros.prefix_path.catkin:The path '/home/ozanpali/ros2_ws/install/plansys2_problem_expert' in the environment variable CMAKE_PREFIX_PATH doesn't exist
[1.090s] WARNING:colcon.colcon_ros.prefix_path.catkin:The path '/home/ozanpali/ros2_ws/install/plansys2_domain_expert' in the environment variable CMAKE_PREFIX_PATH doesn't exist
[1.090s] WARNING:colcon.colcon_ros.prefix_path.catkin:The path '/home/ozanpali/ros2_ws/install/plansys2_popf_plan_solver' in the environment variable CMAKE_PREFIX_PATH doesn't exist
[1.091s] WARNING:colcon.colcon_ros.prefix_path.catkin:The path '/home/ozanpali/ros2_ws/install/plansys2_core' in the environment variable CMAKE_PREFIX_PATH doesn't exist
[1.091s] WARNING:colcon.colcon_ros.prefix_path.catkin:The path '/home/ozanpali/ros2_ws/install/plansys2_pddl_parser' in the environment variable CMAKE_PREFIX_PATH doesn't exist
[1.091s] WARNING:colcon.colcon_ros.prefix_path.catkin:The path '/home/ozanpali/ros2_ws/install/plansys2_msgs' in the environment variable CMAKE_PREFIX_PATH doesn't exist
[1.091s] WARNING:colcon.colcon_ros.prefix_path.catkin:The path '/home/ozanpali/ros2_ws/install/plansys2_lifecycle_manager' in the environment variable CMAKE_PREFIX_PATH doesn't exist
[1.091s] WARNING:colcon.colcon_ros.prefix_path.catkin:The path '/home/ozanpali/ros2_ws/install/navigation2' in the environment variable CMAKE_PREFIX_PATH doesn't exist
[1.091s] WARNING:colcon.colcon_ros.prefix_path.catkin:The path '/home/ozanpali/ros2_ws/install/nav2_smoother' in the environment variable CMAKE_PREFIX_PATH doesn't exist
[1.091s] WARNING:colcon.colcon_ros.prefix_path.catkin:The path '/home/ozanpali/ros2_ws/install/nav2_graceful_controller' in the environment variable CMAKE_PREFIX_PATH doesn't exist
[1.091s] WARNING:colcon.colcon_ros.prefix_path.catkin:The path '/home/ozanpali/ros2_ws/install/nav2_dwb_controller' in the environment variable CMAKE_PREFIX_PATH doesn't exist
[1.091s] WARNING:colcon.colcon_ros.prefix_path.catkin:The path '/home/ozanpali/ros2_ws/install/nav2_controller' in the environment variable CMAKE_PREFIX_PATH doesn't exist
[1.091s] WARNING:colcon.colcon_ros.prefix_path.catkin:The path '/home/ozanpali/ros2_ws/install/dwb_plugins' in the environment variable CMAKE_PREFIX_PATH doesn't exist
[1.091s] WARNING:colcon.colcon_ros.prefix_path.catkin:The path '/home/ozanpali/ros2_ws/install/dwb_critics' in the environment variable CMAKE_PREFIX_PATH doesn't exist
[1.091s] WARNING:colcon.colcon_ros.prefix_path.catkin:The path '/home/ozanpali/ros2_ws/install/dwb_core' in the environment variable CMAKE_PREFIX_PATH doesn't exist
[1.091s] WARNING:colcon.colcon_ros.prefix_path.catkin:The path '/home/ozanpali/ros2_ws/install/nav_2d_utils' in the environment variable CMAKE_PREFIX_PATH doesn't exist
[1.091s] WARNING:colcon.colcon_ros.prefix_path.catkin:The path '/home/ozanpali/ros2_ws/install/dwb_msgs' in the environment variable CMAKE_PREFIX_PATH doesn't exist
[1.091s] WARNING:colcon.colcon_ros.prefix_path.catkin:The path '/home/ozanpali/ros2_ws/install/nav_2d_msgs' in the environment variable CMAKE_PREFIX_PATH doesn't exist
[1.091s] WARNING:colcon.colcon_ros.prefix_path.catkin:The path '/home/ozanpali/ros2_ws/install/nav2_waypoint_follower' in the environment variable CMAKE_PREFIX_PATH doesn't exist
[1.091s] WARNING:colcon.colcon_ros.prefix_path.catkin:The path '/home/ozanpali/ros2_ws/install/nav2_theta_star_planner' in the environment variable CMAKE_PREFIX_PATH doesn't exist
[1.091s] WARNING:colcon.colcon_ros.prefix_path.catkin:The path '/home/ozanpali/ros2_ws/install/nav2_smac_planner' in the environment variable CMAKE_PREFIX_PATH doesn't exist
[1.091s] WARNING:colcon.colcon_ros.prefix_path.catkin:The path '/home/ozanpali/ros2_ws/install/nav2_rotation_shim_controller' in the environment variable CMAKE_PREFIX_PATH doesn't exist
[1.092s] WARNING:colcon.colcon_ros.prefix_path.catkin:The path '/home/ozanpali/ros2_ws/install/nav2_regulated_pure_pursuit_controller' in the environment variable CMAKE_PREFIX_PATH doesn't exist
[1.092s] WARNING:colcon.colcon_ros.prefix_path.catkin:The path '/home/ozanpali/ros2_ws/install/nav2_planner' in the environment variable CMAKE_PREFIX_PATH doesn't exist
[1.092s] WARNING:colcon.colcon_ros.prefix_path.catkin:The path '/home/ozanpali/ros2_ws/install/nav2_navfn_planner' in the environment variable CMAKE_PREFIX_PATH doesn't exist
[1.092s] WARNING:colcon.colcon_ros.prefix_path.catkin:The path '/home/ozanpali/ros2_ws/install/nav2_mppi_controller' in the environment variable CMAKE_PREFIX_PATH doesn't exist
[1.092s] WARNING:colcon.colcon_ros.prefix_path.catkin:The path '/home/ozanpali/ros2_ws/install/nav2_constrained_smoother' in the environment variable CMAKE_PREFIX_PATH doesn't exist
[1.092s] WARNING:colcon.colcon_ros.prefix_path.catkin:The path '/home/ozanpali/ros2_ws/install/nav2_bt_navigator' in the environment variable CMAKE_PREFIX_PATH doesn't exist
[1.092s] WARNING:colcon.colcon_ros.prefix_path.catkin:The path '/home/ozanpali/ros2_ws/install/nav2_behaviors' in the environment variable CMAKE_PREFIX_PATH doesn't exist
[1.093s] WARNING:colcon.colcon_ros.prefix_path.catkin:The path '/home/ozanpali/ros2_ws/install/nav2_core' in the environment variable CMAKE_PREFIX_PATH doesn't exist
[1.093s] WARNING:colcon.colcon_ros.prefix_path.catkin:The path '/home/ozanpali/ros2_ws/install/nav2_collision_monitor' in the environment variable CMAKE_PREFIX_PATH doesn't exist
[1.093s] WARNING:colcon.colcon_ros.prefix_path.catkin:The path '/home/ozanpali/ros2_ws/install/costmap_queue' in the environment variable CMAKE_PREFIX_PATH doesn't exist
[1.093s] WARNING:colcon.colcon_ros.prefix_path.catkin:The path '/home/ozanpali/ros2_ws/install/nav2_costmap_2d' in the environment variable CMAKE_PREFIX_PATH doesn't exist
[1.093s] WARNING:colcon.colcon_ros.prefix_path.catkin:The path '/home/ozanpali/ros2_ws/install/nav2_voxel_grid' in the environment variable CMAKE_PREFIX_PATH doesn't exist
[1.093s] WARNING:colcon.colcon_ros.prefix_path.catkin:The path '/home/ozanpali/ros2_ws/install/nav2_velocity_smoother' in the environment variable CMAKE_PREFIX_PATH doesn't exist
[1.093s] WARNING:colcon.colcon_ros.prefix_path.catkin:The path '/home/ozanpali/ros2_ws/install/nav2_rviz_plugins' in the environment variable CMAKE_PREFIX_PATH doesn't exist
[1.093s] WARNING:colcon.colcon_ros.prefix_path.catkin:The path '/home/ozanpali/ros2_ws/install/nav2_map_server' in the environment variable CMAKE_PREFIX_PATH doesn't exist
[1.093s] WARNING:colcon.colcon_ros.prefix_path.catkin:The path '/home/ozanpali/ros2_ws/install/nav2_lifecycle_manager' in the environment variable CMAKE_PREFIX_PATH doesn't exist
[1.093s] WARNING:colcon.colcon_ros.prefix_path.catkin:The path '/home/ozanpali/ros2_ws/install/nav2_behavior_tree' in the environment variable CMAKE_PREFIX_PATH doesn't exist
[1.093s] WARNING:colcon.colcon_ros.prefix_path.catkin:The path '/home/ozanpali/ros2_ws/install/nav2_amcl' in the environment variable CMAKE_PREFIX_PATH doesn't exist
[1.093s] WARNING:colcon.colcon_ros.prefix_path.catkin:The path '/home/ozanpali/ros2_ws/install/nav2_util' in the environment variable CMAKE_PREFIX_PATH doesn't exist
[1.093s] WARNING:colcon.colcon_ros.prefix_path.catkin:The path '/home/ozanpali/ros2_ws/install/nav2_msgs' in the environment variable CMAKE_PREFIX_PATH doesn't exist
[1.093s] WARNING:colcon.colcon_ros.prefix_path.catkin:The path '/home/ozanpali/ros2_ws/install/nav2_common' in the environment variable CMAKE_PREFIX_PATH doesn't exist
[1.093s] WARNING:colcon.colcon_ros.prefix_path.catkin:The path '/home/ozanpali/ros2_ws/install/my_opencv_demo' in the environment variable CMAKE_PREFIX_PATH doesn't exist
[1.093s] WARNING:colcon.colcon_ros.prefix_path.catkin:The path '/home/ozanpali/ros2_ws/install/map_msgs' in the environment variable CMAKE_PREFIX_PATH doesn't exist
[1.095s] DEBUG:colcon.colcon_installed_package_information.package_discovery:Found 2 installed packages in /home/ozanpali/ros2_ws/install
[1.100s] DEBUG:colcon.colcon_installed_package_information.package_discovery:Found 386 installed packages in /opt/ros/humble
[1.104s] Level 1:colcon.colcon_core.package_discovery:discover_packages(prefix_path) using defaults
[1.365s] INFO:colcon.colcon_core.executor:Executing jobs using 'parallel' executor
[1.369s] DEBUG:colcon.colcon_parallel_executor.executor.parallel:run_until_complete
[1.369s] DEBUG:colcon.colcon_parallel_executor.executor.parallel:closing loop
[1.369s] DEBUG:colcon.colcon_parallel_executor.executor.parallel:loop closed
[1.369s] DEBUG:colcon.colcon_parallel_executor.executor.parallel:run_until_complete finished with '0'
[1.370s] DEBUG:colcon.colcon_core.event_reactor:joining thread
[1.378s] INFO:colcon.colcon_core.plugin_system:Skipping extension 'colcon_notification.desktop_notification.terminal_notifier': Not used on non-Darwin systems
[1.378s] INFO:colcon.colcon_core.plugin_system:Skipping extension 'colcon_notification.desktop_notification.win32': Not used on non-Windows systems
[1.378s] INFO:colcon.colcon_notification.desktop_notification:Sending desktop notification using 'notify2'
[1.396s] DEBUG:colcon.colcon_core.event_reactor:joined thread
[1.406s] INFO:colcon.colcon_core.plugin_system:Skipping extension 'colcon_core.shell.bat': Not used on non-Windows systems
[1.407s] INFO:colcon.colcon_core.shell:Creating prefix script '/home/ozanpali/ros2_ws/src/robot_urdf/urdf/install/local_setup.ps1'
[1.410s] INFO:colcon.colcon_core.shell:Creating prefix util module '/home/ozanpali/ros2_ws/src/robot_urdf/urdf/install/_local_setup_util_ps1.py'
[1.415s] INFO:colcon.colcon_core.shell:Creating prefix chain script '/home/ozanpali/ros2_ws/src/robot_urdf/urdf/install/setup.ps1'
[1.418s] INFO:colcon.colcon_core.shell:Creating prefix script '/home/ozanpali/ros2_ws/src/robot_urdf/urdf/install/local_setup.sh'
[1.420s] INFO:colcon.colcon_core.shell:Creating prefix util module '/home/ozanpali/ros2_ws/src/robot_urdf/urdf/install/_local_setup_util_sh.py'
[1.420s] INFO:colcon.colcon_core.shell:Creating prefix chain script '/home/ozanpali/ros2_ws/src/robot_urdf/urdf/install/setup.sh'
[1.423s] INFO:colcon.colcon_core.shell:Creating prefix script '/home/ozanpali/ros2_ws/src/robot_urdf/urdf/install/local_setup.bash'
[1.424s] INFO:colcon.colcon_core.shell:Creating prefix chain script '/home/ozanpali/ros2_ws/src/robot_urdf/urdf/install/setup.bash'
[1.427s] INFO:colcon.colcon_core.shell:Creating prefix script '/home/ozanpali/ros2_ws/src/robot_urdf/urdf/install/local_setup.zsh'
[1.429s] INFO:colcon.colcon_core.shell:Creating prefix chain script '/home/ozanpali/ros2_ws/src/robot_urdf/urdf/install/setup.zsh'
